#! /usr/bin/vvp
:ivl_version "11.0 (stable)";
:ivl_delay_selection "TYPICAL";
:vpi_time_precision + 0;
:vpi_module "/usr/lib/x86_64-linux-gnu/ivl/system.vpi";
:vpi_module "/usr/lib/x86_64-linux-gnu/ivl/vhdl_sys.vpi";
:vpi_module "/usr/lib/x86_64-linux-gnu/ivl/vhdl_textio.vpi";
:vpi_module "/usr/lib/x86_64-linux-gnu/ivl/v2005_math.vpi";
:vpi_module "/usr/lib/x86_64-linux-gnu/ivl/va_math.vpi";
S_0x5646c537ae10 .scope module, "testbench" "testbench" 2 3;
 .timescale 0 0;
v0x5646c53b5ba0_0 .net "result", 31 0, v0x5646c53b5850_0;  1 drivers
v0x5646c53b5c60_0 .var "spike_in", 3 0;
v0x5646c53b5d30_0 .var "weights_in", 127 0;
S_0x5646c539a1e0 .scope module, "m1" "mac" 2 9, 3 7 0, S_0x5646c537ae10;
 .timescale 0 0;
    .port_info 0 /INPUT 4 "spike_in";
    .port_info 1 /INPUT 128 "weight";
    .port_info 2 /OUTPUT 32 "mult_output";
v0x5646c53537b0_0 .var "mask", 127 0;
v0x5646c5353ba0_0 .var "mult_ans", 127 0;
v0x5646c53b5850_0 .var "mult_output", 31 0;
v0x5646c53b5910_0 .net "spike_in", 3 0, v0x5646c53b5c60_0;  1 drivers
v0x5646c53b59f0_0 .net "weight", 127 0, v0x5646c53b5d30_0;  1 drivers
E_0x5646c538ae50 .event edge, v0x5646c53b5910_0, v0x5646c53b59f0_0, v0x5646c53537b0_0, v0x5646c5353ba0_0;
    .scope S_0x5646c539a1e0;
T_0 ;
    %wait E_0x5646c538ae50;
    %load/vec4 v0x5646c53b5910_0;
    %dup/vec4;
    %pushi/vec4 0, 0, 4;
    %cmp/u;
    %jmp/1 T_0.0, 6;
    %dup/vec4;
    %pushi/vec4 1, 0, 4;
    %cmp/u;
    %jmp/1 T_0.1, 6;
    %dup/vec4;
    %pushi/vec4 2, 0, 4;
    %cmp/u;
    %jmp/1 T_0.2, 6;
    %dup/vec4;
    %pushi/vec4 3, 0, 4;
    %cmp/u;
    %jmp/1 T_0.3, 6;
    %dup/vec4;
    %pushi/vec4 4, 0, 4;
    %cmp/u;
    %jmp/1 T_0.4, 6;
    %dup/vec4;
    %pushi/vec4 5, 0, 4;
    %cmp/u;
    %jmp/1 T_0.5, 6;
    %dup/vec4;
    %pushi/vec4 6, 0, 4;
    %cmp/u;
    %jmp/1 T_0.6, 6;
    %dup/vec4;
    %pushi/vec4 7, 0, 4;
    %cmp/u;
    %jmp/1 T_0.7, 6;
    %dup/vec4;
    %pushi/vec4 8, 0, 4;
    %cmp/u;
    %jmp/1 T_0.8, 6;
    %dup/vec4;
    %pushi/vec4 9, 0, 4;
    %cmp/u;
    %jmp/1 T_0.9, 6;
    %dup/vec4;
    %pushi/vec4 10, 0, 4;
    %cmp/u;
    %jmp/1 T_0.10, 6;
    %dup/vec4;
    %pushi/vec4 11, 0, 4;
    %cmp/u;
    %jmp/1 T_0.11, 6;
    %dup/vec4;
    %pushi/vec4 12, 0, 4;
    %cmp/u;
    %jmp/1 T_0.12, 6;
    %dup/vec4;
    %pushi/vec4 13, 0, 4;
    %cmp/u;
    %jmp/1 T_0.13, 6;
    %dup/vec4;
    %pushi/vec4 14, 0, 4;
    %cmp/u;
    %jmp/1 T_0.14, 6;
    %dup/vec4;
    %pushi/vec4 15, 0, 4;
    %cmp/u;
    %jmp/1 T_0.15, 6;
    %pushi/vec4 15, 15, 128;
    %assign/vec4 v0x5646c5353ba0_0, 0;
    %jmp T_0.17;
T_0.0 ;
    %pushi/vec4 0, 0, 128;
    %assign/vec4 v0x5646c5353ba0_0, 0;
    %jmp T_0.17;
T_0.1 ;
    %pushi/vec4 0, 0, 128;
    %store/vec4 v0x5646c53537b0_0, 0, 128;
    %pushi/vec4 4294967295, 0, 32;
    %ix/load 4, 0, 0;
    %flag_set/imm 4, 0;
    %store/vec4 v0x5646c53537b0_0, 4, 32;
    %load/vec4 v0x5646c53b59f0_0;
    %load/vec4 v0x5646c53537b0_0;
    %and;
    %assign/vec4 v0x5646c5353ba0_0, 0;
    %jmp T_0.17;
T_0.2 ;
    %pushi/vec4 0, 0, 128;
    %store/vec4 v0x5646c53537b0_0, 0, 128;
    %pushi/vec4 4294967295, 0, 32;
    %ix/load 4, 32, 0;
    %flag_set/imm 4, 0;
    %store/vec4 v0x5646c53537b0_0, 4, 32;
    %load/vec4 v0x5646c53b59f0_0;
    %load/vec4 v0x5646c53537b0_0;
    %and;
    %assign/vec4 v0x5646c5353ba0_0, 0;
    %jmp T_0.17;
T_0.3 ;
    %pushi/vec4 0, 0, 128;
    %store/vec4 v0x5646c53537b0_0, 0, 128;
    %pushi/vec4 4294967295, 0, 64;
    %ix/load 4, 0, 0;
    %flag_set/imm 4, 0;
    %store/vec4 v0x5646c53537b0_0, 4, 64;
    %load/vec4 v0x5646c53b59f0_0;
    %load/vec4 v0x5646c53537b0_0;
    %and;
    %assign/vec4 v0x5646c5353ba0_0, 0;
    %jmp T_0.17;
T_0.4 ;
    %pushi/vec4 0, 0, 128;
    %store/vec4 v0x5646c53537b0_0, 0, 128;
    %pushi/vec4 4294967295, 0, 32;
    %ix/load 4, 64, 0;
    %flag_set/imm 4, 0;
    %store/vec4 v0x5646c53537b0_0, 4, 32;
    %load/vec4 v0x5646c53b59f0_0;
    %load/vec4 v0x5646c53537b0_0;
    %and;
    %assign/vec4 v0x5646c5353ba0_0, 0;
    %jmp T_0.17;
T_0.5 ;
    %pushi/vec4 0, 0, 128;
    %store/vec4 v0x5646c53537b0_0, 0, 128;
    %pushi/vec4 4294967295, 0, 32;
    %ix/load 4, 0, 0;
    %flag_set/imm 4, 0;
    %store/vec4 v0x5646c53537b0_0, 4, 32;
    %pushi/vec4 4294967295, 0, 32;
    %ix/load 4, 64, 0;
    %flag_set/imm 4, 0;
    %store/vec4 v0x5646c53537b0_0, 4, 32;
    %load/vec4 v0x5646c53b59f0_0;
    %load/vec4 v0x5646c53537b0_0;
    %and;
    %assign/vec4 v0x5646c5353ba0_0, 0;
    %jmp T_0.17;
T_0.6 ;
    %pushi/vec4 0, 0, 128;
    %store/vec4 v0x5646c53537b0_0, 0, 128;
    %pushi/vec4 4294967295, 0, 64;
    %ix/load 4, 32, 0;
    %flag_set/imm 4, 0;
    %store/vec4 v0x5646c53537b0_0, 4, 64;
    %load/vec4 v0x5646c53b59f0_0;
    %load/vec4 v0x5646c53537b0_0;
    %and;
    %assign/vec4 v0x5646c5353ba0_0, 0;
    %jmp T_0.17;
T_0.7 ;
    %pushi/vec4 0, 0, 128;
    %store/vec4 v0x5646c53537b0_0, 0, 128;
    %pushi/vec4 4294967295, 0, 96;
    %ix/load 4, 0, 0;
    %flag_set/imm 4, 0;
    %store/vec4 v0x5646c53537b0_0, 4, 96;
    %load/vec4 v0x5646c53b59f0_0;
    %load/vec4 v0x5646c53537b0_0;
    %and;
    %assign/vec4 v0x5646c5353ba0_0, 0;
    %jmp T_0.17;
T_0.8 ;
    %pushi/vec4 0, 0, 128;
    %store/vec4 v0x5646c53537b0_0, 0, 128;
    %pushi/vec4 4294967295, 0, 32;
    %ix/load 4, 96, 0;
    %flag_set/imm 4, 0;
    %store/vec4 v0x5646c53537b0_0, 4, 32;
    %load/vec4 v0x5646c53b59f0_0;
    %load/vec4 v0x5646c53537b0_0;
    %and;
    %assign/vec4 v0x5646c5353ba0_0, 0;
    %jmp T_0.17;
T_0.9 ;
    %pushi/vec4 0, 0, 128;
    %store/vec4 v0x5646c53537b0_0, 0, 128;
    %pushi/vec4 4294967295, 0, 32;
    %ix/load 4, 96, 0;
    %flag_set/imm 4, 0;
    %store/vec4 v0x5646c53537b0_0, 4, 32;
    %pushi/vec4 4294967295, 0, 32;
    %ix/load 4, 0, 0;
    %flag_set/imm 4, 0;
    %store/vec4 v0x5646c53537b0_0, 4, 32;
    %load/vec4 v0x5646c53b59f0_0;
    %load/vec4 v0x5646c53537b0_0;
    %and;
    %assign/vec4 v0x5646c5353ba0_0, 0;
    %jmp T_0.17;
T_0.10 ;
    %pushi/vec4 0, 0, 128;
    %store/vec4 v0x5646c53537b0_0, 0, 128;
    %pushi/vec4 4294967295, 0, 32;
    %ix/load 4, 96, 0;
    %flag_set/imm 4, 0;
    %store/vec4 v0x5646c53537b0_0, 4, 32;
    %pushi/vec4 4294967295, 0, 32;
    %ix/load 4, 32, 0;
    %flag_set/imm 4, 0;
    %store/vec4 v0x5646c53537b0_0, 4, 32;
    %load/vec4 v0x5646c53b59f0_0;
    %load/vec4 v0x5646c53537b0_0;
    %and;
    %assign/vec4 v0x5646c5353ba0_0, 0;
    %jmp T_0.17;
T_0.11 ;
    %pushi/vec4 0, 0, 128;
    %store/vec4 v0x5646c53537b0_0, 0, 128;
    %pushi/vec4 4294967295, 0, 32;
    %ix/load 4, 96, 0;
    %flag_set/imm 4, 0;
    %store/vec4 v0x5646c53537b0_0, 4, 32;
    %pushi/vec4 4294967295, 0, 64;
    %ix/load 4, 0, 0;
    %flag_set/imm 4, 0;
    %store/vec4 v0x5646c53537b0_0, 4, 64;
    %load/vec4 v0x5646c53b59f0_0;
    %load/vec4 v0x5646c53537b0_0;
    %and;
    %assign/vec4 v0x5646c5353ba0_0, 0;
    %jmp T_0.17;
T_0.12 ;
    %pushi/vec4 0, 0, 128;
    %store/vec4 v0x5646c53537b0_0, 0, 128;
    %pushi/vec4 4294967295, 0, 64;
    %ix/load 4, 64, 0;
    %flag_set/imm 4, 0;
    %store/vec4 v0x5646c53537b0_0, 4, 64;
    %load/vec4 v0x5646c53b59f0_0;
    %load/vec4 v0x5646c53537b0_0;
    %and;
    %assign/vec4 v0x5646c5353ba0_0, 0;
    %jmp T_0.17;
T_0.13 ;
    %pushi/vec4 0, 0, 128;
    %store/vec4 v0x5646c53537b0_0, 0, 128;
    %pushi/vec4 4294967295, 0, 32;
    %ix/load 4, 96, 0;
    %flag_set/imm 4, 0;
    %store/vec4 v0x5646c53537b0_0, 4, 32;
    %pushi/vec4 4294967295, 0, 32;
    %ix/load 4, 0, 0;
    %flag_set/imm 4, 0;
    %store/vec4 v0x5646c53537b0_0, 4, 32;
    %load/vec4 v0x5646c53b59f0_0;
    %load/vec4 v0x5646c53537b0_0;
    %and;
    %assign/vec4 v0x5646c5353ba0_0, 0;
    %jmp T_0.17;
T_0.14 ;
    %pushi/vec4 0, 0, 128;
    %store/vec4 v0x5646c53537b0_0, 0, 128;
    %pushi/vec4 4294967295, 0, 96;
    %ix/load 4, 32, 0;
    %flag_set/imm 4, 0;
    %store/vec4 v0x5646c53537b0_0, 4, 96;
    %load/vec4 v0x5646c53b59f0_0;
    %load/vec4 v0x5646c53537b0_0;
    %and;
    %assign/vec4 v0x5646c5353ba0_0, 0;
    %jmp T_0.17;
T_0.15 ;
    %load/vec4 v0x5646c53b59f0_0;
    %assign/vec4 v0x5646c5353ba0_0, 0;
    %jmp T_0.17;
T_0.17 ;
    %pop/vec4 1;
    %load/vec4 v0x5646c5353ba0_0;
    %parti/s 32, 0, 2;
    %load/vec4 v0x5646c5353ba0_0;
    %parti/s 32, 32, 7;
    %add;
    %load/vec4 v0x5646c5353ba0_0;
    %parti/s 32, 64, 8;
    %add;
    %load/vec4 v0x5646c5353ba0_0;
    %parti/s 32, 96, 8;
    %add;
    %store/vec4 v0x5646c53b5850_0, 0, 32;
    %jmp T_0;
    .thread T_0, $push;
    .scope S_0x5646c537ae10;
T_1 ;
    %vpi_call 2 14 "$monitor", $time, "  spike_in: %b           weights_in: %b              result: %b", v0x5646c53b5c60_0, v0x5646c53b5d30_0, v0x5646c53b5ba0_0 {0 0 0};
    %end;
    .thread T_1;
    .scope S_0x5646c537ae10;
T_2 ;
    %vpi_call 2 20 "$dumpfile", "mac_wavedata.vcd" {0 0 0};
    %vpi_call 2 21 "$dumpvars", 32'sb00000000000000000000000000000000, S_0x5646c537ae10 {0 0 0};
    %end;
    .thread T_2;
    .scope S_0x5646c537ae10;
T_3 ;
    %pushi/vec4 0, 0, 4;
    %store/vec4 v0x5646c53b5c60_0, 0, 4;
    %pushi/vec4 64, 0, 128;
    %store/vec4 v0x5646c53b5d30_0, 0, 128;
    %delay 3, 0;
    %pushi/vec4 1, 0, 4;
    %store/vec4 v0x5646c53b5c60_0, 0, 4;
    %pushi/vec4 18321983, 0, 128;
    %store/vec4 v0x5646c53b5d30_0, 0, 128;
    %delay 3, 0;
    %vpi_call 2 37 "$finish" {0 0 0};
    %end;
    .thread T_3;
# The file index is used to find the file name in the following table.
:file_names 4;
    "N/A";
    "<interactive>";
    "mac_TESTBENCH.v";
    "./mac.v";
